env: load .env
env: export EXPO_PUBLIC_API_URL
Starting Metro Bundler

warning: Bundler cache is empty, rebuilding (this may take a minute)
Web Bundled 27455ms node_modules/expo-router/entry.js (2589 modules)
Android Bundled 46085ms node_modules/expo-router/entry.js (3372 modules)
iOS Bundled 62730ms node_modules/expo-router/entry.js (3294 modules)

› Assets (52):
node_modules/@expo-google-fonts/material-symbols/400Regular/MaterialSymbols_400Regular.ttf (956KB)
node_modules/expo-router/assets/arrow_down.017bc6ba3fc25503e5eb5e53826d48a8.png (9.5KB)
node_modules/expo-router/assets/arrow_down.png (9.5KB)
node_modules/expo-router/assets/arrow_right.xml (307B)
node_modules/expo-router/assets/checkmark.xml (312B)
node_modules/expo-router/assets/error.d1ea1496f9057eb392d5bbf3732a61b7.png (469B)
node_modules/expo-router/assets/error.png (469B)
node_modules/expo-router/assets/file.19eeb73b9593a38f8e9f418337fc7d10.png (138B)
node_modules/expo-router/assets/file.png (138B)
node_modules/expo-router/assets/forward.d8b800c443b8972542883e0b9de2bdc6.png (188B)
node_modules/expo-router/assets/forward.png (188B)
node_modules/expo-router/assets/pkg.ab19f4cbc543357183a20571f68380a3.png (364B)
node_modules/expo-router/assets/pkg.png (364B)
node_modules/expo-router/assets/react-navigation/elements/back-icon-mask.0a328cd9c1afd0afe8e3b1ec5165b1b4.png (653B)
node_modules/expo-router/assets/react-navigation/elements/back-icon-mask.png (653B)
node_modules/expo-router/assets/react-navigation/elements/back-icon.35ba0eaec5a4f5ed12ca16fabeae451d.png (207B)
node_modules/expo-router/assets/react-navigation/elements/back-icon.png (8 variations | 359B)
node_modules/expo-router/assets/react-navigation/elements/clear-icon.c94f6478e7ae0cdd9f15de1fcb9e5e55.png (4 variations | 425B)
node_modules/expo-router/assets/react-navigation/elements/clear-icon.png (4 variations | 425B)
node_modules/expo-router/assets/react-navigation/elements/close-icon.808e1b1b9b53114ec2838071a7e6daa7.png (4 variations | 235B)
node_modules/expo-router/assets/react-navigation/elements/close-icon.png (4 variations | 235B)
node_modules/expo-router/assets/react-navigation/elements/search-icon.286d67d3f74808a60a78d3ebf1a5fb57.png (928B)
node_modules/expo-router/assets/react-navigation/elements/search-icon.png (7 variations | 592B)
node_modules/expo-router/assets/sitemap.412dd9275b6b48ad28f5e3d81bb1f626.png (465B)
node_modules/expo-router/assets/sitemap.png (465B)
node_modules/expo-router/assets/unmatched.20e71bdf79e3a97bf55fd9e164041578.png (4.8KB)
node_modules/expo-router/assets/unmatched.png (4.8KB)

› web bundles (2):
_expo/static/css/web-981140a7002514911e675a31f8847385.css (8.5KB)
_expo/static/js/web/entry-fc8187f2a234eb418c4ac41c5a55581f.js (3.1MB)

› android bundles (1):
_expo/static/js/android/entry-d0d33dd54756794b20539a89c3ac977d.hbc (5.8MB)

› ios bundles (1):
_expo/static/js/ios/entry-cfc0b5431d12d19def93cc2fa3da9268.hbc (5.6MB)

› Files (2):
index.html (1.4KB)
metadata.json (3.4KB)

Exported: dist
